# JRE version: OpenJDK Runtime Environment (8.0_242-b01) (build 1.8.0_242-release-1644-b01)
# Java VM: OpenJDK 64-Bit Server VM (25.242-b01 mixed mode windows-amd64 compressed oops)
Heap:
 PSYoungGen      total 464896K, used 201980K [0x00000000d5580000, 0x00000000f6380000, 0x0000000100000000)
  eden space 428032K, 41% used [0x00000000d5580000,0x00000000e03fc680,0x00000000ef780000)
  from space 36864K, 63% used [0x00000000ef780000,0x00000000f0e42d78,0x00000000f1b80000)
  to   space 37888K, 0% used [0x00000000f3e80000,0x00000000f3e80000,0x00000000f6380000)
 ParOldGen       total 220672K, used 106076K [0x0000000080000000, 0x000000008d780000, 0x00000000d5580000)
  object space 220672K, 48% used [0x0000000080000000,0x00000000867971b8,0x000000008d780000)
 Metaspace       used 83888K, capacity 88099K, committed 88408K, reserved 1126400K
  class space    used 11223K, capacity 12005K, committed 12160K, reserved 1048576K
GC Heap History (10 events):
Event: 46.933 GC heap before
{Heap before GC invocations=37 (full 4):
 PSYoungGen      total 387072K, used 377437K [0x00000000d5580000, 0x00000000eed80000, 0x0000000100000000)
  eden space 359936K, 100% used [0x00000000d5580000,0x00000000eb500000,0x00000000eb500000)
  from space 27136K, 64% used [0x00000000ed080000,0x00000000ee1975c0,0x00000000eeb00000)
  to   space 28160K, 0% used [0x00000000eb500000,0x00000000eb500000,0x00000000ed080000)
 ParOldGen       total 220672K, used 106060K [0x0000000080000000, 0x000000008d780000, 0x00000000d5580000)
  object space 220672K, 48% used [0x0000000080000000,0x00000000867931b8,0x000000008d780000)
 Metaspace       used 82989K, capacity 87025K, committed 87512K, reserved 1124352K
  class space    used 11133K, capacity 11864K, committed 12032K, reserved 1048576K
Event: 46.956 GC heap after
Heap after GC invocations=37 (full 4):
 PSYoungGen      total 388096K, used 18253K [0x00000000d5580000, 0x00000000f1200000, 0x0000000100000000)
  eden space 359936K, 0% used [0x00000000d5580000,0x00000000d5580000,0x00000000eb500000)
  from space 28160K, 64% used [0x00000000eb500000,0x00000000ec6d34d8,0x00000000ed080000)
  to   space 29696K, 0% used [0x00000000ef500000,0x00000000ef500000,0x00000000f1200000)
 ParOldGen       total 220672K, used 106060K [0x0000000080000000, 0x000000008d780000, 0x00000000d5580000)
  object space 220672K, 48% used [0x0000000080000000,0x00000000867931b8,0x000000008d780000)
 Metaspace       used 82989K, capacity 87025K, committed 87512K, reserved 1124352K
  class space    used 11133K, capacity 11864K, committed 12032K, reserved 1048576K
}
Event: 48.477 GC heap before
{Heap before GC invocations=38 (full 4):
 PSYoungGen      total 388096K, used 378189K [0x00000000d5580000, 0x00000000f1200000, 0x0000000100000000)
  eden space 359936K, 100% used [0x00000000d5580000,0x00000000eb500000,0x00000000eb500000)
  from space 28160K, 64% used [0x00000000eb500000,0x00000000ec6d34d8,0x00000000ed080000)
  to   space 29696K, 0% used [0x00000000ef500000,0x00000000ef500000,0x00000000f1200000)
 ParOldGen       total 220672K, used 106060K [0x0000000080000000, 0x000000008d780000, 0x00000000d5580000)
  object space 220672K, 48% used [0x0000000080000000,0x00000000867931b8,0x000000008d780000)
 Metaspace       used 83014K, capacity 87093K, committed 87512K, reserved 1124352K
  class space    used 11133K, capacity 11864K, committed 12032K, reserved 1048576K
Event: 48.539 GC heap after
Heap after GC invocations=38 (full 4):
 PSYoungGen      total 423424K, used 21803K [0x00000000d5580000, 0x00000000f1680000, 0x0000000100000000)
  eden space 393728K, 0% used [0x00000000d5580000,0x00000000d5580000,0x00000000ed600000)
  from space 29696K, 73% used [0x00000000ef500000,0x00000000f0a4ad68,0x00000000f1200000)
  to   space 31744K, 0% used [0x00000000ed600000,0x00000000ed600000,0x00000000ef500000)
 ParOldGen       total 220672K, used 106060K [0x0000000080000000, 0x000000008d780000, 0x00000000d5580000)
  object space 220672K, 48% used [0x0000000080000000,0x00000000867931b8,0x000000008d780000)
 Metaspace       used 83014K, capacity 87093K, committed 87512K, reserved 1124352K
  class space    used 11133K, capacity 11864K, committed 12032K, reserved 1048576K
}
Event: 50.619 GC heap before
{Heap before GC invocations=39 (full 4):
 PSYoungGen      total 423424K, used 415531K [0x00000000d5580000, 0x00000000f1680000, 0x0000000100000000)
  eden space 393728K, 100% used [0x00000000d5580000,0x00000000ed600000,0x00000000ed600000)
  from space 29696K, 73% used [0x00000000ef500000,0x00000000f0a4ad68,0x00000000f1200000)
  to   space 31744K, 0% used [0x00000000ed600000,0x00000000ed600000,0x00000000ef500000)
 ParOldGen       total 220672K, used 106060K [0x0000000080000000, 0x000000008d780000, 0x00000000d5580000)
  object space 220672K, 48% used [0x0000000080000000,0x00000000867931b8,0x000000008d780000)
 Metaspace       used 83022K, capacity 87101K, committed 87512K, reserved 1124352K
  class space    used 11133K, capacity 11864K, committed 12032K, reserved 1048576K
Event: 50.654 GC heap after
Heap after GC invocations=39 (full 4):
 PSYoungGen      total 425472K, used 24628K [0x00000000d5580000, 0x00000000f3d00000, 0x0000000100000000)
  eden space 393728K, 0% used [0x00000000d5580000,0x00000000d5580000,0x00000000ed600000)
  from space 31744K, 77% used [0x00000000ed600000,0x00000000eee0d2c8,0x00000000ef500000)
  to   space 34304K, 0% used [0x00000000f1b80000,0x00000000f1b80000,0x00000000f3d00000)
 ParOldGen       total 220672K, used 106060K [0x0000000080000000, 0x000000008d780000, 0x00000000d5580000)
  object space 220672K, 48% used [0x0000000080000000,0x00000000867931b8,0x000000008d780000)
 Metaspace       used 83022K, capacity 87101K, committed 87512K, reserved 1124352K
  class space    used 11133K, capacity 11864K, committed 12032K, reserved 1048576K
}
Event: 52.073 GC heap before
{Heap before GC invocations=40 (full 4):
 PSYoungGen      total 425472K, used 418356K [0x00000000d5580000, 0x00000000f3d00000, 0x0000000100000000)
  eden space 393728K, 100% used [0x00000000d5580000,0x00000000ed600000,0x00000000ed600000)
  from space 31744K, 77% used [0x00000000ed600000,0x00000000eee0d2c8,0x00000000ef500000)
  to   space 34304K, 0% used [0x00000000f1b80000,0x00000000f1b80000,0x00000000f3d00000)
 ParOldGen       total 220672K, used 106060K [0x0000000080000000, 0x000000008d780000, 0x00000000d5580000)
  object space 220672K, 48% used [0x0000000080000000,0x00000000867931b8,0x000000008d780000)
 Metaspace       used 83025K, capacity 87101K, committed 87512K, reserved 1124352K
  class space    used 11133K, capacity 11864K, committed 12032K, reserved 1048576K
Event: 52.115 GC heap after
Heap after GC invocations=40 (full 4):
 PSYoungGen      total 462336K, used 25492K [0x00000000d5580000, 0x00000000f4180000, 0x0000000100000000)
  eden space 428032K, 0% used [0x00000000d5580000,0x00000000d5580000,0x00000000ef780000)
  from space 34304K, 74% used [0x00000000f1b80000,0x00000000f3465118,0x00000000f3d00000)
  to   space 36864K, 0% used [0x00000000ef780000,0x00000000ef780000,0x00000000f1b80000)
 ParOldGen       total 220672K, used 106068K [0x0000000080000000, 0x000000008d780000, 0x00000000d5580000)
  object space 220672K, 48% used [0x0000000080000000,0x00000000867951b8,0x000000008d780000)
 Metaspace       used 83025K, capacity 87101K, committed 87512K, reserved 1124352K
  class space    used 11133K, capacity 11864K, committed 12032K, reserved 1048576K
}
Event: 55.727 GC heap before
{Heap before GC invocations=41 (full 4):
 PSYoungGen      total 462336K, used 453524K [0x00000000d5580000, 0x00000000f4180000, 0x0000000100000000)
  eden space 428032K, 100% used [0x00000000d5580000,0x00000000ef780000,0x00000000ef780000)
  from space 34304K, 74% used [0x00000000f1b80000,0x00000000f3465118,0x00000000f3d00000)
  to   space 36864K, 0% used [0x00000000ef780000,0x00000000ef780000,0x00000000f1b80000)
 ParOldGen       total 220672K, used 106068K [0x0000000080000000, 0x000000008d780000, 0x00000000d5580000)
  object space 220672K, 48% used [0x0000000080000000,0x00000000867951b8,0x000000008d780000)
 Metaspace       used 83278K, capacity 87383K, committed 87768K, reserved 1124352K
  class space    used 11158K, capacity 11869K, committed 12032K, reserved 1048576K
Event: 55.760 GC heap after
Heap after GC invocations=41 (full 4):
 PSYoungGen      total 464896K, used 23307K [0x00000000d5580000, 0x00000000f6380000, 0x0000000100000000)
  eden space 428032K, 0% used [0x00000000d5580000,0x00000000d5580000,0x00000000ef780000)
  from space 36864K, 63% used [0x00000000ef780000,0x00000000f0e42d78,0x00000000f1b80000)
  to   space 37888K, 0% used [0x00000000f3e80000,0x00000000f3e80000,0x00000000f6380000)
 ParOldGen       total 220672K, used 106076K [0x0000000080000000, 0x000000008d780000, 0x00000000d5580000)
  object space 220672K, 48% used [0x0000000080000000,0x00000000867971b8,0x000000008d780000)
 Metaspace       used 83278K, capacity 87383K, committed 87768K, reserved 1124352K
  class space    used 11158K, capacity 11869K, committed 12032K, reserved 1048576K
}

