# JRE version: OpenJDK Runtime Environment (8.0_242-b01) (build 1.8.0_242-release-1644-b01)
# Java VM: OpenJDK 64-Bit Server VM (25.242-b01 mixed mode windows-amd64 compressed oops)
Heap:
 PSYoungGen      total 552448K, used 97865K [0x00000000d5580000, 0x00000000ffe00000, 0x0000000100000000)
  eden space 419840K, 21% used [0x00000000d5580000,0x00000000daf51dd0,0x00000000eef80000)
  from space 132608K, 4% used [0x00000000eef80000,0x00000000ef5409f8,0x00000000f7100000)
  to   space 129536K, 0% used [0x00000000f7f80000,0x00000000f7f80000,0x00000000ffe00000)
 ParOldGen       total 283136K, used 187826K [0x0000000080000000, 0x0000000091480000, 0x00000000d5580000)
  object space 283136K, 66% used [0x0000000080000000,0x000000008b76cb78,0x0000000091480000)
 Metaspace       used 170087K, capacity 182584K, committed 182872K, reserved 1208320K
  class space    used 21775K, capacity 23889K, committed 23936K, reserved 1048576K
GC Heap History (10 events):
Event: 25426.626 GC heap before
{Heap before GC invocations=90 (full 9):
 PSYoungGen      total 543232K, used 413378K [0x00000000d5580000, 0x00000000ffb80000, 0x0000000100000000)
  eden space 398336K, 100% used [0x00000000d5580000,0x00000000eda80000,0x00000000eda80000)
  from space 144896K, 10% used [0x00000000f6e00000,0x00000000f7cb0a08,0x00000000ffb80000)
  to   space 147968K, 0% used [0x00000000eda80000,0x00000000eda80000,0x00000000f6b00000)
 ParOldGen       total 283136K, used 160168K [0x0000000080000000, 0x0000000091480000, 0x00000000d5580000)
  object space 283136K, 56% used [0x0000000080000000,0x0000000089c6a3b8,0x0000000091480000)
 Metaspace       used 170000K, capacity 182426K, committed 182616K, reserved 1208320K
  class space    used 21774K, capacity 23888K, committed 23936K, reserved 1048576K
Event: 25426.674 GC heap after
Heap after GC invocations=90 (full 9):
 PSYoungGen      total 546304K, used 15040K [0x00000000d5580000, 0x00000000ffe00000, 0x0000000100000000)
  eden space 398336K, 0% used [0x00000000d5580000,0x00000000d5580000,0x00000000eda80000)
  from space 147968K, 10% used [0x00000000eda80000,0x00000000ee930020,0x00000000f6b00000)
  to   space 145408K, 0% used [0x00000000f7000000,0x00000000f7000000,0x00000000ffe00000)
 ParOldGen       total 283136K, used 165268K [0x0000000080000000, 0x0000000091480000, 0x00000000d5580000)
  object space 283136K, 58% used [0x0000000080000000,0x000000008a165050,0x0000000091480000)
 Metaspace       used 170000K, capacity 182426K, committed 182616K, reserved 1208320K
  class space    used 21774K, capacity 23888K, committed 23936K, reserved 1048576K
}
Event: 25427.785 GC heap before
{Heap before GC invocations=91 (full 9):
 PSYoungGen      total 546304K, used 413376K [0x00000000d5580000, 0x00000000ffe00000, 0x0000000100000000)
  eden space 398336K, 100% used [0x00000000d5580000,0x00000000eda80000,0x00000000eda80000)
  from space 147968K, 10% used [0x00000000eda80000,0x00000000ee930020,0x00000000f6b00000)
  to   space 145408K, 0% used [0x00000000f7000000,0x00000000f7000000,0x00000000ffe00000)
 ParOldGen       total 283136K, used 165268K [0x0000000080000000, 0x0000000091480000, 0x00000000d5580000)
  object space 283136K, 58% used [0x0000000080000000,0x000000008a165050,0x0000000091480000)
 Metaspace       used 170005K, capacity 182490K, committed 182616K, reserved 1208320K
  class space    used 21774K, capacity 23888K, committed 23936K, reserved 1048576K
Event: 25428.047 GC heap after
Heap after GC invocations=91 (full 9):
 PSYoungGen      total 543232K, used 15024K [0x00000000d5580000, 0x00000000ff680000, 0x0000000100000000)
  eden space 405504K, 0% used [0x00000000d5580000,0x00000000d5580000,0x00000000ee180000)
  from space 137728K, 10% used [0x00000000f7000000,0x00000000f7eac270,0x00000000ff680000)
  to   space 141824K, 0% used [0x00000000ee180000,0x00000000ee180000,0x00000000f6c00000)
 ParOldGen       total 283136K, used 168404K [0x0000000080000000, 0x0000000091480000, 0x00000000d5580000)
  object space 283136K, 59% used [0x0000000080000000,0x000000008a475070,0x0000000091480000)
 Metaspace       used 170005K, capacity 182490K, committed 182616K, reserved 1208320K
  class space    used 21774K, capacity 23888K, committed 23936K, reserved 1048576K
}
Event: 25434.479 GC heap before
{Heap before GC invocations=92 (full 9):
 PSYoungGen      total 543232K, used 420528K [0x00000000d5580000, 0x00000000ff680000, 0x0000000100000000)
  eden space 405504K, 100% used [0x00000000d5580000,0x00000000ee180000,0x00000000ee180000)
  from space 137728K, 10% used [0x00000000f7000000,0x00000000f7eac270,0x00000000ff680000)
  to   space 141824K, 0% used [0x00000000ee180000,0x00000000ee180000,0x00000000f6c00000)
 ParOldGen       total 283136K, used 168404K [0x0000000080000000, 0x0000000091480000, 0x00000000d5580000)
  object space 283136K, 59% used [0x0000000080000000,0x000000008a475070,0x0000000091480000)
 Metaspace       used 170056K, capacity 182516K, committed 182616K, reserved 1208320K
  class space    used 21774K, capacity 23889K, committed 23936K, reserved 1048576K
Event: 25435.805 GC heap after
Heap after GC invocations=92 (full 9):
 PSYoungGen      total 547328K, used 18790K [0x00000000d5580000, 0x00000000ffb00000, 0x0000000100000000)
  eden space 405504K, 0% used [0x00000000d5580000,0x00000000d5580000,0x00000000ee180000)
  from space 141824K, 13% used [0x00000000ee180000,0x00000000ef3d9a10,0x00000000f6c00000)
  to   space 137216K, 0% used [0x00000000f7500000,0x00000000f7500000,0x00000000ffb00000)
 ParOldGen       total 283136K, used 172079K [0x0000000080000000, 0x0000000091480000, 0x00000000d5580000)
  object space 283136K, 60% used [0x0000000080000000,0x000000008a80bf48,0x0000000091480000)
 Metaspace       used 170056K, capacity 182516K, committed 182616K, reserved 1208320K
  class space    used 21774K, capacity 23889K, committed 23936K, reserved 1048576K
}
Event: 25437.982 GC heap before
{Heap before GC invocations=93 (full 9):
 PSYoungGen      total 547328K, used 424294K [0x00000000d5580000, 0x00000000ffb00000, 0x0000000100000000)
  eden space 405504K, 100% used [0x00000000d5580000,0x00000000ee180000,0x00000000ee180000)
  from space 141824K, 13% used [0x00000000ee180000,0x00000000ef3d9a10,0x00000000f6c00000)
  to   space 137216K, 0% used [0x00000000f7500000,0x00000000f7500000,0x00000000ffb00000)
 ParOldGen       total 283136K, used 172079K [0x0000000080000000, 0x0000000091480000, 0x00000000d5580000)
  object space 283136K, 60% used [0x0000000080000000,0x000000008a80bf48,0x0000000091480000)
 Metaspace       used 170065K, capacity 182520K, committed 182616K, reserved 1208320K
  class space    used 21775K, capacity 23889K, committed 23936K, reserved 1048576K
Event: 25439.161 GC heap after
Heap after GC invocations=93 (full 9):
 PSYoungGen      total 548352K, used 14934K [0x00000000d5580000, 0x00000000ff280000, 0x0000000100000000)
  eden space 419840K, 0% used [0x00000000d5580000,0x00000000d5580000,0x00000000eef80000)
  from space 128512K, 11% used [0x00000000f7500000,0x00000000f8395858,0x00000000ff280000)
  to   space 132608K, 0% used [0x00000000eef80000,0x00000000eef80000,0x00000000f7100000)
 ParOldGen       total 283136K, used 180509K [0x0000000080000000, 0x0000000091480000, 0x00000000d5580000)
  object space 283136K, 63% used [0x0000000080000000,0x000000008b047510,0x0000000091480000)
 Metaspace       used 170065K, capacity 182520K, committed 182616K, reserved 1208320K
  class space    used 21775K, capacity 23889K, committed 23936K, reserved 1048576K
}
Event: 25442.944 GC heap before
{Heap before GC invocations=94 (full 9):
 PSYoungGen      total 548352K, used 434774K [0x00000000d5580000, 0x00000000ff280000, 0x0000000100000000)
  eden space 419840K, 100% used [0x00000000d5580000,0x00000000eef80000,0x00000000eef80000)
  from space 128512K, 11% used [0x00000000f7500000,0x00000000f8395858,0x00000000ff280000)
  to   space 132608K, 0% used [0x00000000eef80000,0x00000000eef80000,0x00000000f7100000)
 ParOldGen       total 283136K, used 180509K [0x0000000080000000, 0x0000000091480000, 0x00000000d5580000)
  object space 283136K, 63% used [0x0000000080000000,0x000000008b047510,0x0000000091480000)
 Metaspace       used 170086K, capacity 182584K, committed 182872K, reserved 1208320K
  class space    used 21775K, capacity 23889K, committed 23936K, reserved 1048576K
Event: 25443.074 GC heap after
Heap after GC invocations=94 (full 9):
 PSYoungGen      total 552448K, used 5890K [0x00000000d5580000, 0x00000000ffe00000, 0x0000000100000000)
  eden space 419840K, 0% used [0x00000000d5580000,0x00000000d5580000,0x00000000eef80000)
  from space 132608K, 4% used [0x00000000eef80000,0x00000000ef5409f8,0x00000000f7100000)
  to   space 129536K, 0% used [0x00000000f7f80000,0x00000000f7f80000,0x00000000ffe00000)
 ParOldGen       total 283136K, used 187826K [0x0000000080000000, 0x0000000091480000, 0x00000000d5580000)
  object space 283136K, 66% used [0x0000000080000000,0x000000008b76cb78,0x0000000091480000)
 Metaspace       used 170086K, capacity 182584K, committed 182872K, reserved 1208320K
  class space    used 21775K, capacity 23889K, committed 23936K, reserved 1048576K
}

